<?xml version="1.0" encoding="UTF-8"?>
<testsuites>
  <testsuite name="" tests="128" assertions="391" errors="0" warnings="0" failures="0" skipped="0" time="3.293928">
    <testsuite name="Laravel Test Suite" tests="128" assertions="391" errors="0" warnings="0" failures="0" skipped="0" time="3.293928">
      <testsuite name="AppKit\Formulate\Tests\CheckboxArrayInputComponentValueTest" file="/home/darren/projects/laravel-appkit/formulate/tests/CheckboxArrayInputComponentValueTest.php" tests="5" assertions="20" errors="0" warnings="0" failures="0" skipped="0" time="0.382355">
        <testcase name="checkboxArrayInputsHaveAValue" class="AppKit\Formulate\Tests\CheckboxArrayInputComponentValueTest" classname="AppKit.Formulate.Tests.CheckboxArrayInputComponentValueTest" file="/home/darren/projects/laravel-appkit/formulate/tests/CheckboxArrayInputComponentValueTest.php" line="13" assertions="2" time="0.204075"/>
        <testcase name="checkboxArrayInputsCanHaveADefaultCheckedAttributeOverridden" class="AppKit\Formulate\Tests\CheckboxArrayInputComponentValueTest" classname="AppKit.Formulate.Tests.CheckboxArrayInputComponentValueTest" file="/home/darren/projects/laravel-appkit/formulate/tests/CheckboxArrayInputComponentValueTest.php" line="28" assertions="3" time="0.020443"/>
        <testcase name="checkboxArrayInputsWillBeSelectedIfTheValueIsInTheFormsData" class="AppKit\Formulate\Tests\CheckboxArrayInputComponentValueTest" classname="AppKit.Formulate.Tests.CheckboxArrayInputComponentValueTest" file="/home/darren/projects/laravel-appkit/formulate/tests/CheckboxArrayInputComponentValueTest.php" line="43" assertions="3" time="0.024519"/>
        <testcase name="checkboxArrayInputsWillBeSelectedIfTheValueWasPosted" class="AppKit\Formulate\Tests\CheckboxArrayInputComponentValueTest" classname="AppKit.Formulate.Tests.CheckboxArrayInputComponentValueTest" file="/home/darren/projects/laravel-appkit/formulate/tests/CheckboxArrayInputComponentValueTest.php" line="58" assertions="3" time="0.027912"/>
        <testcase name="checkboxArrayInputComponentsCanBeCheckedByACollectionOfModels" class="AppKit\Formulate\Tests\CheckboxArrayInputComponentValueTest" classname="AppKit.Formulate.Tests.CheckboxArrayInputComponentValueTest" file="/home/darren/projects/laravel-appkit/formulate/tests/CheckboxArrayInputComponentValueTest.php" line="74" assertions="9" time="0.105406"/>
      </testsuite>
      <testsuite name="AppKit\Formulate\Tests\CheckboxInputComponentTest" file="/home/darren/projects/laravel-appkit/formulate/tests/CheckboxInputComponentTest.php" tests="10" assertions="23" errors="0" warnings="0" failures="0" skipped="0" time="0.243400">
        <testcase name="checkboxInputComponentExists" class="AppKit\Formulate\Tests\CheckboxInputComponentTest" classname="AppKit.Formulate.Tests.CheckboxInputComponentTest" file="/home/darren/projects/laravel-appkit/formulate/tests/CheckboxInputComponentTest.php" line="8" assertions="3" time="0.023078"/>
        <testcase name="checkboxInputComponentCanHaveAttributes" class="AppKit\Formulate\Tests\CheckboxInputComponentTest" classname="AppKit.Formulate.Tests.CheckboxInputComponentTest" file="/home/darren/projects/laravel-appkit/formulate/tests/CheckboxInputComponentTest.php" line="23" assertions="2" time="0.030012"/>
        <testcase name="checkboxInputComponentsHaveAType" class="AppKit\Formulate\Tests\CheckboxInputComponentTest" classname="AppKit.Formulate.Tests.CheckboxInputComponentTest" file="/home/darren/projects/laravel-appkit/formulate/tests/CheckboxInputComponentTest.php" line="31" assertions="2" time="0.022891"/>
        <testcase name="checkboxInputComponentsGenerateADefaultId" class="AppKit\Formulate\Tests\CheckboxInputComponentTest" classname="AppKit.Formulate.Tests.CheckboxInputComponentTest" file="/home/darren/projects/laravel-appkit/formulate/tests/CheckboxInputComponentTest.php" line="39" assertions="2" time="0.023666"/>
        <testcase name="checkboxInputComponentsCanHaveADefinedId" class="AppKit\Formulate\Tests\CheckboxInputComponentTest" classname="AppKit.Formulate.Tests.CheckboxInputComponentTest" file="/home/darren/projects/laravel-appkit/formulate/tests/CheckboxInputComponentTest.php" line="47" assertions="2" time="0.026238"/>
        <testcase name="checkboxInputComponentsCanHaveGroupAttributes" class="AppKit\Formulate\Tests\CheckboxInputComponentTest" classname="AppKit.Formulate.Tests.CheckboxInputComponentTest" file="/home/darren/projects/laravel-appkit/formulate/tests/CheckboxInputComponentTest.php" line="55" assertions="2" time="0.025548"/>
        <testcase name="checkboxInputComponentsCanHaveLabelAttributes" class="AppKit\Formulate\Tests\CheckboxInputComponentTest" classname="AppKit.Formulate.Tests.CheckboxInputComponentTest" file="/home/darren/projects/laravel-appkit/formulate/tests/CheckboxInputComponentTest.php" line="63" assertions="2" time="0.024515"/>
        <testcase name="checkboxInputComponentsGenerateLabelValues" class="AppKit\Formulate\Tests\CheckboxInputComponentTest" classname="AppKit.Formulate.Tests.CheckboxInputComponentTest" file="/home/darren/projects/laravel-appkit/formulate/tests/CheckboxInputComponentTest.php" line="71" assertions="2" time="0.019073"/>
        <testcase name="checkboxInputComponentsCanHaveSetLabels" class="AppKit\Formulate\Tests\CheckboxInputComponentTest" classname="AppKit.Formulate.Tests.CheckboxInputComponentTest" file="/home/darren/projects/laravel-appkit/formulate/tests/CheckboxInputComponentTest.php" line="79" assertions="2" time="0.018831"/>
        <testcase name="checkboxInputComponentsWithArrayNamesGenerateSuitableIds" class="AppKit\Formulate\Tests\CheckboxInputComponentTest" classname="AppKit.Formulate.Tests.CheckboxInputComponentTest" file="/home/darren/projects/laravel-appkit/formulate/tests/CheckboxInputComponentTest.php" line="87" assertions="4" time="0.029548"/>
      </testsuite>
      <testsuite name="AppKit\Formulate\Tests\CheckboxInputComponentValueTest" file="/home/darren/projects/laravel-appkit/formulate/tests/CheckboxInputComponentValueTest.php" tests="15" assertions="61" errors="0" warnings="0" failures="0" skipped="0" time="0.333022">
        <testcase name="checkboxInputsHaveAValue" class="AppKit\Formulate\Tests\CheckboxInputComponentValueTest" classname="AppKit.Formulate.Tests.CheckboxInputComponentValueTest" file="/home/darren/projects/laravel-appkit/formulate/tests/CheckboxInputComponentValueTest.php" line="13" assertions="2" time="0.019415"/>
        <testcase name="checkboxInputsCanHaveADefaultCheckedAttributeOverridden" class="AppKit\Formulate\Tests\CheckboxInputComponentValueTest" classname="AppKit.Formulate.Tests.CheckboxInputComponentValueTest" file="/home/darren/projects/laravel-appkit/formulate/tests/CheckboxInputComponentValueTest.php" line="28" assertions="3" time="0.020093"/>
        <testcase name="checkboxInputsWillBeSelectedIfTheValueIsInTheFormsData" class="AppKit\Formulate\Tests\CheckboxInputComponentValueTest" classname="AppKit.Formulate.Tests.CheckboxInputComponentValueTest" file="/home/darren/projects/laravel-appkit/formulate/tests/CheckboxInputComponentValueTest.php" line="43" assertions="3" time="0.022235"/>
        <testcase name="checkboxInputsWillBeSelectedIfTheValueIsTrueInTheFormsData" class="AppKit\Formulate\Tests\CheckboxInputComponentValueTest" classname="AppKit.Formulate.Tests.CheckboxInputComponentValueTest" file="/home/darren/projects/laravel-appkit/formulate/tests/CheckboxInputComponentValueTest.php" line="58" assertions="3" time="0.019704"/>
        <testcase name="checkboxInputsWontBeSelectedIfTheValueIsFalseInTheFormsData" class="AppKit\Formulate\Tests\CheckboxInputComponentValueTest" classname="AppKit.Formulate.Tests.CheckboxInputComponentValueTest" file="/home/darren/projects/laravel-appkit/formulate/tests/CheckboxInputComponentValueTest.php" line="73" assertions="3" time="0.023384"/>
        <testcase name="checkboxInputsWillBeSelectedIfTheValueWasPosted" class="AppKit\Formulate\Tests\CheckboxInputComponentValueTest" classname="AppKit.Formulate.Tests.CheckboxInputComponentValueTest" file="/home/darren/projects/laravel-appkit/formulate/tests/CheckboxInputComponentValueTest.php" line="88" assertions="3" time="0.021218"/>
        <testcase name="checkboxInputsWillBeSelectedIfTheValueIsTrueWasPosted" class="AppKit\Formulate\Tests\CheckboxInputComponentValueTest" classname="AppKit.Formulate.Tests.CheckboxInputComponentValueTest" file="/home/darren/projects/laravel-appkit/formulate/tests/CheckboxInputComponentValueTest.php" line="104" assertions="3" time="0.023957"/>
        <testcase name="checkboxInputsWontBeSelectedIfTheValueIsFalseWasPosted" class="AppKit\Formulate\Tests\CheckboxInputComponentValueTest" classname="AppKit.Formulate.Tests.CheckboxInputComponentValueTest" file="/home/darren/projects/laravel-appkit/formulate/tests/CheckboxInputComponentValueTest.php" line="120" assertions="3" time="0.022955"/>
        <testcase name="checkboxInputComponentssWontBeCheckedViaFalseModelAttribute" class="AppKit\Formulate\Tests\CheckboxInputComponentValueTest" classname="AppKit.Formulate.Tests.CheckboxInputComponentValueTest" file="/home/darren/projects/laravel-appkit/formulate/tests/CheckboxInputComponentValueTest.php" line="136" assertions="4" time="0.023580"/>
        <testcase name="checkboxInputComponentsWillBeCheckedViaTrueModelAttribute" class="AppKit\Formulate\Tests\CheckboxInputComponentValueTest" classname="AppKit.Formulate.Tests.CheckboxInputComponentValueTest" file="/home/darren/projects/laravel-appkit/formulate/tests/CheckboxInputComponentValueTest.php" line="151" assertions="4" time="0.016450"/>
        <testcase name="checkboxInputComponentsWontBeCheckedViaNonMatchingModelAttribute" class="AppKit\Formulate\Tests\CheckboxInputComponentValueTest" classname="AppKit.Formulate.Tests.CheckboxInputComponentValueTest" file="/home/darren/projects/laravel-appkit/formulate/tests/CheckboxInputComponentValueTest.php" line="166" assertions="4" time="0.026768"/>
        <testcase name="checkboxInputComponentsWillBeCheckedViaMatchingModelAttribute" class="AppKit\Formulate\Tests\CheckboxInputComponentValueTest" classname="AppKit.Formulate.Tests.CheckboxInputComponentValueTest" file="/home/darren/projects/laravel-appkit/formulate/tests/CheckboxInputComponentValueTest.php" line="181" assertions="4" time="0.023254"/>
        <testcase name="checkboxInputComponentsUseDefaultValueIfTheAttributeIsNotOnAModel" class="AppKit\Formulate\Tests\CheckboxInputComponentValueTest" classname="AppKit.Formulate.Tests.CheckboxInputComponentValueTest" file="/home/darren/projects/laravel-appkit/formulate/tests/CheckboxInputComponentValueTest.php" line="196" assertions="4" time="0.023213"/>
        <testcase name="multipleCheckboxInputComponentsCanHaveOldValues" class="AppKit\Formulate\Tests\CheckboxInputComponentValueTest" classname="AppKit.Formulate.Tests.CheckboxInputComponentValueTest" file="/home/darren/projects/laravel-appkit/formulate/tests/CheckboxInputComponentValueTest.php" line="211" assertions="6" time="0.025708"/>
        <testcase name="checkboxInputComponentsCanGetDataFromVariousSources" class="AppKit\Formulate\Tests\CheckboxInputComponentValueTest" classname="AppKit.Formulate.Tests.CheckboxInputComponentValueTest" file="/home/darren/projects/laravel-appkit/formulate/tests/CheckboxInputComponentValueTest.php" line="229" assertions="12" time="0.021090"/>
      </testsuite>
      <testsuite name="AppKit\Formulate\Tests\ComponentThemeTest" file="/home/darren/projects/laravel-appkit/formulate/tests/ComponentThemeTest.php" tests="6" assertions="12" errors="0" warnings="0" failures="0" skipped="0" time="0.127053">
        <testcase name="inputComponentsHaveDefaultClasses" class="AppKit\Formulate\Tests\ComponentThemeTest" classname="AppKit.Formulate.Tests.ComponentThemeTest" file="/home/darren/projects/laravel-appkit/formulate/tests/ComponentThemeTest.php" line="8" assertions="2" time="0.020435"/>
        <testcase name="inputComponentsHaveDefinedClasses" class="AppKit\Formulate\Tests\ComponentThemeTest" classname="AppKit.Formulate.Tests.ComponentThemeTest" file="/home/darren/projects/laravel-appkit/formulate/tests/ComponentThemeTest.php" line="16" assertions="2" time="0.020933"/>
        <testcase name="formGroupsHaveDefaultClasses" class="AppKit\Formulate\Tests\ComponentThemeTest" classname="AppKit.Formulate.Tests.ComponentThemeTest" file="/home/darren/projects/laravel-appkit/formulate/tests/ComponentThemeTest.php" line="24" assertions="2" time="0.018244"/>
        <testcase name="formGroupsHaveDefinedClasses" class="AppKit\Formulate\Tests\ComponentThemeTest" classname="AppKit.Formulate.Tests.ComponentThemeTest" file="/home/darren/projects/laravel-appkit/formulate/tests/ComponentThemeTest.php" line="32" assertions="2" time="0.021298"/>
        <testcase name="formLabelsHaveDefaultClasses" class="AppKit\Formulate\Tests\ComponentThemeTest" classname="AppKit.Formulate.Tests.ComponentThemeTest" file="/home/darren/projects/laravel-appkit/formulate/tests/ComponentThemeTest.php" line="40" assertions="2" time="0.027021"/>
        <testcase name="formLabelsHaveDefinedClasses" class="AppKit\Formulate\Tests\ComponentThemeTest" classname="AppKit.Formulate.Tests.ComponentThemeTest" file="/home/darren/projects/laravel-appkit/formulate/tests/ComponentThemeTest.php" line="48" assertions="2" time="0.019121"/>
      </testsuite>
      <testsuite name="AppKit\Formulate\Tests\FormComponentTest" file="/home/darren/projects/laravel-appkit/formulate/tests/FormComponentTest.php" tests="10" assertions="43" errors="0" warnings="0" failures="0" skipped="0" time="0.221801">
        <testcase name="formComponentExists" class="AppKit\Formulate\Tests\FormComponentTest" classname="AppKit.Formulate.Tests.FormComponentTest" file="/home/darren/projects/laravel-appkit/formulate/tests/FormComponentTest.php" line="10" assertions="1" time="0.017432"/>
        <testcase name="formComponentsCanHaveAttributes" class="AppKit\Formulate\Tests\FormComponentTest" classname="AppKit.Formulate.Tests.FormComponentTest" file="/home/darren/projects/laravel-appkit/formulate/tests/FormComponentTest.php" line="18" assertions="2" time="0.035429"/>
        <testcase name="formComponentsCanHaveAnAction" class="AppKit\Formulate\Tests\FormComponentTest" classname="AppKit.Formulate.Tests.FormComponentTest" file="/home/darren/projects/laravel-appkit/formulate/tests/FormComponentTest.php" line="26" assertions="2" time="0.018819"/>
        <testcase name="formComponentsCanHaveAGetMethod" class="AppKit\Formulate\Tests\FormComponentTest" classname="AppKit.Formulate.Tests.FormComponentTest" file="/home/darren/projects/laravel-appkit/formulate/tests/FormComponentTest.php" line="34" assertions="2" time="0.017503"/>
        <testcase name="formComponentsCanHaveAPostMethod" class="AppKit\Formulate\Tests\FormComponentTest" classname="AppKit.Formulate.Tests.FormComponentTest" file="/home/darren/projects/laravel-appkit/formulate/tests/FormComponentTest.php" line="42" assertions="5" time="0.018477"/>
        <testcase name="formComponentsCanHaveANonStandardMethod" class="AppKit\Formulate\Tests\FormComponentTest" classname="AppKit.Formulate.Tests.FormComponentTest" file="/home/darren/projects/laravel-appkit/formulate/tests/FormComponentTest.php" line="51" assertions="8" time="0.021725"/>
        <testcase name="formComponentsCanHaveSlotValue" class="AppKit\Formulate\Tests\FormComponentTest" classname="AppKit.Formulate.Tests.FormComponentTest" file="/home/darren/projects/laravel-appkit/formulate/tests/FormComponentTest.php" line="61" assertions="2" time="0.025162"/>
        <testcase name="formComponentCanHaveARoute" class="AppKit\Formulate\Tests\FormComponentTest" classname="AppKit.Formulate.Tests.FormComponentTest" file="/home/darren/projects/laravel-appkit/formulate/tests/FormComponentTest.php" line="69" assertions="6" time="0.027277"/>
        <testcase name="formComponentCanHaveARouteWithDifferentMethod" class="AppKit\Formulate\Tests\FormComponentTest" classname="AppKit.Formulate.Tests.FormComponentTest" file="/home/darren/projects/laravel-appkit/formulate/tests/FormComponentTest.php" line="80" assertions="9" time="0.020600"/>
        <testcase name="formComponentsCanHaveRoutesWithParams" class="AppKit\Formulate\Tests\FormComponentTest" classname="AppKit.Formulate.Tests.FormComponentTest" file="/home/darren/projects/laravel-appkit/formulate/tests/FormComponentTest.php" line="92" assertions="6" time="0.019376"/>
      </testsuite>
      <testsuite name="AppKit\Formulate\Tests\FormValidationTest" file="/home/darren/projects/laravel-appkit/formulate/tests/FormValidationTest.php" tests="4" assertions="5" errors="0" warnings="0" failures="0" skipped="0" time="0.080615">
        <testcase name="ifOneFieldHasAnErrorAMessageWillBeShownAtTheTopOfTheForm" class="AppKit\Formulate\Tests\FormValidationTest" classname="AppKit.Formulate.Tests.FormValidationTest" file="/home/darren/projects/laravel-appkit/formulate/tests/FormValidationTest.php" line="13" assertions="1" time="0.021373"/>
        <testcase name="ifNoFieldsHaveErrorsNoMessageWillBeShownAtTheTopOfTheForm" class="AppKit\Formulate\Tests\FormValidationTest" classname="AppKit.Formulate.Tests.FormValidationTest" file="/home/darren/projects/laravel-appkit/formulate/tests/FormValidationTest.php" line="28" assertions="1" time="0.017783"/>
        <testcase name="testTheFormErrorMessageCanBeCustomised" class="AppKit\Formulate\Tests\FormValidationTest" classname="AppKit.Formulate.Tests.FormValidationTest" file="/home/darren/projects/laravel-appkit/formulate/tests/FormValidationTest.php" line="40" assertions="1" time="0.018207"/>
        <testcase name="inputComponentsHasValidationErrors" class="AppKit\Formulate\Tests\FormValidationTest" classname="AppKit.Formulate.Tests.FormValidationTest" file="/home/darren/projects/laravel-appkit/formulate/tests/FormValidationTest.php" line="57" assertions="2" time="0.023252"/>
      </testsuite>
      <testsuite name="AppKit\Formulate\Tests\FromValuesTest" file="/home/darren/projects/laravel-appkit/formulate/tests/FormValuesTest.php" tests="8" assertions="23" errors="0" warnings="0" failures="0" skipped="0" time="0.241146">
        <testcase name="formsCanHaveDataPassedToThemAsAnArray" class="AppKit\Formulate\Tests\FromValuesTest" classname="AppKit.Formulate.Tests.FromValuesTest" file="/home/darren/projects/laravel-appkit/formulate/tests/FormValuesTest.php" line="14" assertions="3" time="0.024887"/>
        <testcase name="inputComponentsCanHaveADefaultValue" class="AppKit\Formulate\Tests\FromValuesTest" classname="AppKit.Formulate.Tests.FromValuesTest" file="/home/darren/projects/laravel-appkit/formulate/tests/FormValuesTest.php" line="29" assertions="2" time="0.028745"/>
        <testcase name="inputComponentsCanHaveAValueInTheDataAttribute" class="AppKit\Formulate\Tests\FromValuesTest" classname="AppKit.Formulate.Tests.FromValuesTest" file="/home/darren/projects/laravel-appkit/formulate/tests/FormValuesTest.php" line="44" assertions="2" time="0.025428"/>
        <testcase name="inputComponentsCanGetDataValueFromModel" class="AppKit\Formulate\Tests\FromValuesTest" classname="AppKit.Formulate.Tests.FromValuesTest" file="/home/darren/projects/laravel-appkit/formulate/tests/FormValuesTest.php" line="59" assertions="2" time="0.025841"/>
        <testcase name="inputComponentsUseDefaultValueIfTheAttributeIsNotOnAModel" class="AppKit\Formulate\Tests\FromValuesTest" classname="AppKit.Formulate.Tests.FromValuesTest" file="/home/darren/projects/laravel-appkit/formulate/tests/FormValuesTest.php" line="74" assertions="2" time="0.039790"/>
        <testcase name="inputComponentsCanHaveAnOldValue" class="AppKit\Formulate\Tests\FromValuesTest" classname="AppKit.Formulate.Tests.FromValuesTest" file="/home/darren/projects/laravel-appkit/formulate/tests/FormValuesTest.php" line="89" assertions="2" time="0.028944"/>
        <testcase name="multipleInputComponentsCanHaveOldValues" class="AppKit\Formulate\Tests\FromValuesTest" classname="AppKit.Formulate.Tests.FromValuesTest" file="/home/darren/projects/laravel-appkit/formulate/tests/FormValuesTest.php" line="107" assertions="4" time="0.034994"/>
        <testcase name="inputsCanGetDataFromVariousSources" class="AppKit\Formulate\Tests\FromValuesTest" classname="AppKit.Formulate.Tests.FromValuesTest" file="/home/darren/projects/laravel-appkit/formulate/tests/FormValuesTest.php" line="127" assertions="6" time="0.032516"/>
      </testsuite>
      <testsuite name="AppKit\Formulate\Tests\InputComponentTest" file="/home/darren/projects/laravel-appkit/formulate/tests/InputComponentTest.php" tests="9" assertions="18" errors="0" warnings="0" failures="0" skipped="0" time="0.198027">
        <testcase name="inputComponentExists" class="AppKit\Formulate\Tests\InputComponentTest" classname="AppKit.Formulate.Tests.InputComponentTest" file="/home/darren/projects/laravel-appkit/formulate/tests/InputComponentTest.php" line="8" assertions="2" time="0.026460"/>
        <testcase name="inputComponentCanHaveAttributes" class="AppKit\Formulate\Tests\InputComponentTest" classname="AppKit.Formulate.Tests.InputComponentTest" file="/home/darren/projects/laravel-appkit/formulate/tests/InputComponentTest.php" line="23" assertions="2" time="0.022477"/>
        <testcase name="inputComponentsHaveADefaultType" class="AppKit\Formulate\Tests\InputComponentTest" classname="AppKit.Formulate.Tests.InputComponentTest" file="/home/darren/projects/laravel-appkit/formulate/tests/InputComponentTest.php" line="31" assertions="2" time="0.020064"/>
        <testcase name="inputComponentsGenerateADefaultId" class="AppKit\Formulate\Tests\InputComponentTest" classname="AppKit.Formulate.Tests.InputComponentTest" file="/home/darren/projects/laravel-appkit/formulate/tests/InputComponentTest.php" line="39" assertions="2" time="0.024628"/>
        <testcase name="inputComponentsCanHaveADefinedId" class="AppKit\Formulate\Tests\InputComponentTest" classname="AppKit.Formulate.Tests.InputComponentTest" file="/home/darren/projects/laravel-appkit/formulate/tests/InputComponentTest.php" line="47" assertions="2" time="0.024490"/>
        <testcase name="inputComponentsCanHaveGroupAttributes" class="AppKit\Formulate\Tests\InputComponentTest" classname="AppKit.Formulate.Tests.InputComponentTest" file="/home/darren/projects/laravel-appkit/formulate/tests/InputComponentTest.php" line="55" assertions="2" time="0.022953"/>
        <testcase name="inputComponentsCanHaveLabelAttributes" class="AppKit\Formulate\Tests\InputComponentTest" classname="AppKit.Formulate.Tests.InputComponentTest" file="/home/darren/projects/laravel-appkit/formulate/tests/InputComponentTest.php" line="63" assertions="2" time="0.021492"/>
        <testcase name="inputComponentsGenerateLabelValues" class="AppKit\Formulate\Tests\InputComponentTest" classname="AppKit.Formulate.Tests.InputComponentTest" file="/home/darren/projects/laravel-appkit/formulate/tests/InputComponentTest.php" line="71" assertions="2" time="0.017240"/>
        <testcase name="inputComponentsCanHaveSetLabels" class="AppKit\Formulate\Tests\InputComponentTest" classname="AppKit.Formulate.Tests.InputComponentTest" file="/home/darren/projects/laravel-appkit/formulate/tests/InputComponentTest.php" line="79" assertions="2" time="0.018222"/>
      </testsuite>
      <testsuite name="AppKit\Formulate\Tests\RadioInputComponentTest" file="/home/darren/projects/laravel-appkit/formulate/tests/RadioInputComponentTest.php" tests="9" assertions="19" errors="0" warnings="0" failures="0" skipped="0" time="0.192922">
        <testcase name="radioInputComponentExists" class="AppKit\Formulate\Tests\RadioInputComponentTest" classname="AppKit.Formulate.Tests.RadioInputComponentTest" file="/home/darren/projects/laravel-appkit/formulate/tests/RadioInputComponentTest.php" line="8" assertions="3" time="0.022449"/>
        <testcase name="radioInputComponentCanHaveAttributes" class="AppKit\Formulate\Tests\RadioInputComponentTest" classname="AppKit.Formulate.Tests.RadioInputComponentTest" file="/home/darren/projects/laravel-appkit/formulate/tests/RadioInputComponentTest.php" line="23" assertions="2" time="0.018042"/>
        <testcase name="radioInputComponentsHaveAType" class="AppKit\Formulate\Tests\RadioInputComponentTest" classname="AppKit.Formulate.Tests.RadioInputComponentTest" file="/home/darren/projects/laravel-appkit/formulate/tests/RadioInputComponentTest.php" line="31" assertions="2" time="0.015985"/>
        <testcase name="radioInputComponentsGenerateADefaultId" class="AppKit\Formulate\Tests\RadioInputComponentTest" classname="AppKit.Formulate.Tests.RadioInputComponentTest" file="/home/darren/projects/laravel-appkit/formulate/tests/RadioInputComponentTest.php" line="39" assertions="2" time="0.024680"/>
        <testcase name="radioInputComponentsCanHaveADefinedId" class="AppKit\Formulate\Tests\RadioInputComponentTest" classname="AppKit.Formulate.Tests.RadioInputComponentTest" file="/home/darren/projects/laravel-appkit/formulate/tests/RadioInputComponentTest.php" line="47" assertions="2" time="0.019375"/>
        <testcase name="radioInputComponentsCanHaveGroupAttributes" class="AppKit\Formulate\Tests\RadioInputComponentTest" classname="AppKit.Formulate.Tests.RadioInputComponentTest" file="/home/darren/projects/laravel-appkit/formulate/tests/RadioInputComponentTest.php" line="55" assertions="2" time="0.021435"/>
        <testcase name="radioInputComponentsCanHaveLabelAttributes" class="AppKit\Formulate\Tests\RadioInputComponentTest" classname="AppKit.Formulate.Tests.RadioInputComponentTest" file="/home/darren/projects/laravel-appkit/formulate/tests/RadioInputComponentTest.php" line="63" assertions="2" time="0.020286"/>
        <testcase name="radioInputComponentsGenerateLabelValues" class="AppKit\Formulate\Tests\RadioInputComponentTest" classname="AppKit.Formulate.Tests.RadioInputComponentTest" file="/home/darren/projects/laravel-appkit/formulate/tests/RadioInputComponentTest.php" line="71" assertions="2" time="0.026887"/>
        <testcase name="radioInputComponentsCanHaveSetLabels" class="AppKit\Formulate\Tests\RadioInputComponentTest" classname="AppKit.Formulate.Tests.RadioInputComponentTest" file="/home/darren/projects/laravel-appkit/formulate/tests/RadioInputComponentTest.php" line="79" assertions="2" time="0.023784"/>
      </testsuite>
      <testsuite name="AppKit\Formulate\Tests\RadioInputComponentValueTest" file="/home/darren/projects/laravel-appkit/formulate/tests/RadioInputComponentValueTest.php" tests="15" assertions="61" errors="0" warnings="0" failures="0" skipped="0" time="0.410062">
        <testcase name="radioInputsHaveAValue" class="AppKit\Formulate\Tests\RadioInputComponentValueTest" classname="AppKit.Formulate.Tests.RadioInputComponentValueTest" file="/home/darren/projects/laravel-appkit/formulate/tests/RadioInputComponentValueTest.php" line="13" assertions="2" time="0.025844"/>
        <testcase name="radioInputsCanHaveADefaultCheckedAttributeOverridden" class="AppKit\Formulate\Tests\RadioInputComponentValueTest" classname="AppKit.Formulate.Tests.RadioInputComponentValueTest" file="/home/darren/projects/laravel-appkit/formulate/tests/RadioInputComponentValueTest.php" line="28" assertions="3" time="0.013103"/>
        <testcase name="radioInputsWillBeSelectedIfTheValueIsInTheFormsData" class="AppKit\Formulate\Tests\RadioInputComponentValueTest" classname="AppKit.Formulate.Tests.RadioInputComponentValueTest" file="/home/darren/projects/laravel-appkit/formulate/tests/RadioInputComponentValueTest.php" line="43" assertions="3" time="0.025017"/>
        <testcase name="radioInputsWillBeSelectedIfTheValueIsTrueInTheFormsData" class="AppKit\Formulate\Tests\RadioInputComponentValueTest" classname="AppKit.Formulate.Tests.RadioInputComponentValueTest" file="/home/darren/projects/laravel-appkit/formulate/tests/RadioInputComponentValueTest.php" line="58" assertions="3" time="0.021916"/>
        <testcase name="radioInputsWontBeSelectedIfTheValueIsFalseInTheFormsData" class="AppKit\Formulate\Tests\RadioInputComponentValueTest" classname="AppKit.Formulate.Tests.RadioInputComponentValueTest" file="/home/darren/projects/laravel-appkit/formulate/tests/RadioInputComponentValueTest.php" line="73" assertions="3" time="0.022951"/>
        <testcase name="radioInputsWillBeSelectedIfTheValueWasPosted" class="AppKit\Formulate\Tests\RadioInputComponentValueTest" classname="AppKit.Formulate.Tests.RadioInputComponentValueTest" file="/home/darren/projects/laravel-appkit/formulate/tests/RadioInputComponentValueTest.php" line="88" assertions="3" time="0.022948"/>
        <testcase name="radioInputsWillBeSelectedIfTheValueIsTrueWasPosted" class="AppKit\Formulate\Tests\RadioInputComponentValueTest" classname="AppKit.Formulate.Tests.RadioInputComponentValueTest" file="/home/darren/projects/laravel-appkit/formulate/tests/RadioInputComponentValueTest.php" line="104" assertions="3" time="0.021585"/>
        <testcase name="radioInputsWontBeSelectedIfTheValueIsFalseWasPosted" class="AppKit\Formulate\Tests\RadioInputComponentValueTest" classname="AppKit.Formulate.Tests.RadioInputComponentValueTest" file="/home/darren/projects/laravel-appkit/formulate/tests/RadioInputComponentValueTest.php" line="120" assertions="3" time="0.024353"/>
        <testcase name="radioInputComponentssWontBeCheckedViaFalseModelAttribute" class="AppKit\Formulate\Tests\RadioInputComponentValueTest" classname="AppKit.Formulate.Tests.RadioInputComponentValueTest" file="/home/darren/projects/laravel-appkit/formulate/tests/RadioInputComponentValueTest.php" line="136" assertions="4" time="0.021889"/>
        <testcase name="radioInputComponentsWillBeCheckedViaTrueModelAttribute" class="AppKit\Formulate\Tests\RadioInputComponentValueTest" classname="AppKit.Formulate.Tests.RadioInputComponentValueTest" file="/home/darren/projects/laravel-appkit/formulate/tests/RadioInputComponentValueTest.php" line="151" assertions="4" time="0.028978"/>
        <testcase name="radioInputComponentsWontBeCheckedViaNonMatchingModelAttribute" class="AppKit\Formulate\Tests\RadioInputComponentValueTest" classname="AppKit.Formulate.Tests.RadioInputComponentValueTest" file="/home/darren/projects/laravel-appkit/formulate/tests/RadioInputComponentValueTest.php" line="166" assertions="4" time="0.022088"/>
        <testcase name="radioInputComponentsWillBeCheckedViaMatchingModelAttribute" class="AppKit\Formulate\Tests\RadioInputComponentValueTest" classname="AppKit.Formulate.Tests.RadioInputComponentValueTest" file="/home/darren/projects/laravel-appkit/formulate/tests/RadioInputComponentValueTest.php" line="181" assertions="4" time="0.048978"/>
        <testcase name="radioInputComponentsUseDefaultValueIfTheAttributeIsNotOnAModel" class="AppKit\Formulate\Tests\RadioInputComponentValueTest" classname="AppKit.Formulate.Tests.RadioInputComponentValueTest" file="/home/darren/projects/laravel-appkit/formulate/tests/RadioInputComponentValueTest.php" line="196" assertions="4" time="0.032746"/>
        <testcase name="multipleRadioInputComponentsCanHaveOldValues" class="AppKit\Formulate\Tests\RadioInputComponentValueTest" classname="AppKit.Formulate.Tests.RadioInputComponentValueTest" file="/home/darren/projects/laravel-appkit/formulate/tests/RadioInputComponentValueTest.php" line="211" assertions="6" time="0.041579"/>
        <testcase name="radioInputComponentsCanGetDataFromVariousSources" class="AppKit\Formulate\Tests\RadioInputComponentValueTest" classname="AppKit.Formulate.Tests.RadioInputComponentValueTest" file="/home/darren/projects/laravel-appkit/formulate/tests/RadioInputComponentValueTest.php" line="229" assertions="12" time="0.036087"/>
      </testsuite>
      <testsuite name="AppKit\Formulate\Tests\SelectComponentTest" file="/home/darren/projects/laravel-appkit/formulate/tests/SelectComponentTest.php" tests="14" assertions="37" errors="0" warnings="0" failures="0" skipped="0" time="0.297613">
        <testcase name="selectComponentExists" class="AppKit\Formulate\Tests\SelectComponentTest" classname="AppKit.Formulate.Tests.SelectComponentTest" file="/home/darren/projects/laravel-appkit/formulate/tests/SelectComponentTest.php" line="8" assertions="2" time="0.019517"/>
        <testcase name="selectComponentCanHaveAttributes" class="AppKit\Formulate\Tests\SelectComponentTest" classname="AppKit.Formulate.Tests.SelectComponentTest" file="/home/darren/projects/laravel-appkit/formulate/tests/SelectComponentTest.php" line="23" assertions="2" time="0.021585"/>
        <testcase name="selectComponentsGenerateADefaultId" class="AppKit\Formulate\Tests\SelectComponentTest" classname="AppKit.Formulate.Tests.SelectComponentTest" file="/home/darren/projects/laravel-appkit/formulate/tests/SelectComponentTest.php" line="31" assertions="2" time="0.028358"/>
        <testcase name="selectComponentsCanHaveADefinedId" class="AppKit\Formulate\Tests\SelectComponentTest" classname="AppKit.Formulate.Tests.SelectComponentTest" file="/home/darren/projects/laravel-appkit/formulate/tests/SelectComponentTest.php" line="39" assertions="2" time="0.022771"/>
        <testcase name="selectComponentsCanHaveGroupAttributes" class="AppKit\Formulate\Tests\SelectComponentTest" classname="AppKit.Formulate.Tests.SelectComponentTest" file="/home/darren/projects/laravel-appkit/formulate/tests/SelectComponentTest.php" line="47" assertions="2" time="0.017411"/>
        <testcase name="selectComponentsCanHaveLabelAttributes" class="AppKit\Formulate\Tests\SelectComponentTest" classname="AppKit.Formulate.Tests.SelectComponentTest" file="/home/darren/projects/laravel-appkit/formulate/tests/SelectComponentTest.php" line="55" assertions="2" time="0.022656"/>
        <testcase name="selectComponentsGenerateLabelValues" class="AppKit\Formulate\Tests\SelectComponentTest" classname="AppKit.Formulate.Tests.SelectComponentTest" file="/home/darren/projects/laravel-appkit/formulate/tests/SelectComponentTest.php" line="63" assertions="2" time="0.022972"/>
        <testcase name="selectComponentsCanHaveSetLabels" class="AppKit\Formulate\Tests\SelectComponentTest" classname="AppKit.Formulate.Tests.SelectComponentTest" file="/home/darren/projects/laravel-appkit/formulate/tests/SelectComponentTest.php" line="71" assertions="2" time="0.019337"/>
        <testcase name="selectComponentsCanHaveOptionsPassedAsRegularOptionsViaSlot" class="AppKit\Formulate\Tests\SelectComponentTest" classname="AppKit.Formulate.Tests.SelectComponentTest" file="/home/darren/projects/laravel-appkit/formulate/tests/SelectComponentTest.php" line="79" assertions="3" time="0.024308"/>
        <testcase name="selectComponentsCanHaveMultipleOptionsPassedAsRegularOptionsViaSlot" class="AppKit\Formulate\Tests\SelectComponentTest" classname="AppKit.Formulate.Tests.SelectComponentTest" file="/home/darren/projects/laravel-appkit/formulate/tests/SelectComponentTest.php" line="89" assertions="4" time="0.017071"/>
        <testcase name="selectComponentsCanHaveOptionsPassedAsOptionComponentsViaSlot" class="AppKit\Formulate\Tests\SelectComponentTest" classname="AppKit.Formulate.Tests.SelectComponentTest" file="/home/darren/projects/laravel-appkit/formulate/tests/SelectComponentTest.php" line="101" assertions="3" time="0.020747"/>
        <testcase name="selectComponentsCanHaveMultipleOptionsPassedAsOptionComponentsViaSlot" class="AppKit\Formulate\Tests\SelectComponentTest" classname="AppKit.Formulate.Tests.SelectComponentTest" file="/home/darren/projects/laravel-appkit/formulate/tests/SelectComponentTest.php" line="111" assertions="4" time="0.021375"/>
        <testcase name="selectComponentsCanHaveOptionsPassedAsAnOptionsAttribute" class="AppKit\Formulate\Tests\SelectComponentTest" classname="AppKit.Formulate.Tests.SelectComponentTest" file="/home/darren/projects/laravel-appkit/formulate/tests/SelectComponentTest.php" line="123" assertions="3" time="0.018864"/>
        <testcase name="selectComponentsCanHaveMultipleOptionsPassedAsAnOptionsAttribute" class="AppKit\Formulate\Tests\SelectComponentTest" classname="AppKit.Formulate.Tests.SelectComponentTest" file="/home/darren/projects/laravel-appkit/formulate/tests/SelectComponentTest.php" line="133" assertions="4" time="0.020640"/>
      </testsuite>
      <testsuite name="AppKit\Formulate\Tests\SelectComponentValueTest" file="/home/darren/projects/laravel-appkit/formulate/tests/SelectComponentValueTest.php" tests="8" assertions="33" errors="0" warnings="0" failures="0" skipped="0" time="0.230934">
        <testcase name="selectComponentsCanHaveADefaultValue" class="AppKit\Formulate\Tests\SelectComponentValueTest" classname="AppKit.Formulate.Tests.SelectComponentValueTest" file="/home/darren/projects/laravel-appkit/formulate/tests/SelectComponentValueTest.php" line="21" assertions="3" time="0.022371"/>
        <testcase name="selectComponentsCanHaveAValueInTheDataAttribute" class="AppKit\Formulate\Tests\SelectComponentValueTest" classname="AppKit.Formulate.Tests.SelectComponentValueTest" file="/home/darren/projects/laravel-appkit/formulate/tests/SelectComponentValueTest.php" line="37" assertions="3" time="0.025561"/>
        <testcase name="selectComponentsCanGetDataValueFromModel" class="AppKit\Formulate\Tests\SelectComponentValueTest" classname="AppKit.Formulate.Tests.SelectComponentValueTest" file="/home/darren/projects/laravel-appkit/formulate/tests/SelectComponentValueTest.php" line="53" assertions="3" time="0.033053"/>
        <testcase name="selectComponentsUseDefaultValueIfTheAttributeIsNotOnAModel" class="AppKit\Formulate\Tests\SelectComponentValueTest" classname="AppKit.Formulate.Tests.SelectComponentValueTest" file="/home/darren/projects/laravel-appkit/formulate/tests/SelectComponentValueTest.php" line="69" assertions="3" time="0.027797"/>
        <testcase name="selectComponentsCanHaveAnOldValue" class="AppKit\Formulate\Tests\SelectComponentValueTest" classname="AppKit.Formulate.Tests.SelectComponentValueTest" file="/home/darren/projects/laravel-appkit/formulate/tests/SelectComponentValueTest.php" line="85" assertions="3" time="0.026794"/>
        <testcase name="multipleSelectComponentsCanHaveOldValues" class="AppKit\Formulate\Tests\SelectComponentValueTest" classname="AppKit.Formulate.Tests.SelectComponentValueTest" file="/home/darren/projects/laravel-appkit/formulate/tests/SelectComponentValueTest.php" line="104" assertions="6" time="0.033865"/>
        <testcase name="textareasCanGetDataFromVariousSources" class="AppKit\Formulate\Tests\SelectComponentValueTest" classname="AppKit.Formulate.Tests.SelectComponentValueTest" file="/home/darren/projects/laravel-appkit/formulate/tests/SelectComponentValueTest.php" line="125" assertions="9" time="0.026355"/>
        <testcase name="selectComponentCanHaveAValueFromAModel" class="AppKit\Formulate\Tests\SelectComponentValueTest" classname="AppKit.Formulate.Tests.SelectComponentValueTest" file="/home/darren/projects/laravel-appkit/formulate/tests/SelectComponentValueTest.php" line="148" assertions="3" time="0.035137"/>
      </testsuite>
      <testsuite name="AppKit\Formulate\Tests\TextareaComponentTest" file="/home/darren/projects/laravel-appkit/formulate/tests/TextareaComponentTest.php" tests="8" assertions="16" errors="0" warnings="0" failures="0" skipped="0" time="0.168674">
        <testcase name="textareaComponentExists" class="AppKit\Formulate\Tests\TextareaComponentTest" classname="AppKit.Formulate.Tests.TextareaComponentTest" file="/home/darren/projects/laravel-appkit/formulate/tests/TextareaComponentTest.php" line="8" assertions="2" time="0.023736"/>
        <testcase name="textareaComponentCanHaveAttributes" class="AppKit\Formulate\Tests\TextareaComponentTest" classname="AppKit.Formulate.Tests.TextareaComponentTest" file="/home/darren/projects/laravel-appkit/formulate/tests/TextareaComponentTest.php" line="23" assertions="2" time="0.017437"/>
        <testcase name="textareaComponentsGenerateADefaultId" class="AppKit\Formulate\Tests\TextareaComponentTest" classname="AppKit.Formulate.Tests.TextareaComponentTest" file="/home/darren/projects/laravel-appkit/formulate/tests/TextareaComponentTest.php" line="31" assertions="2" time="0.021729"/>
        <testcase name="textareaComponentsCanHaveADefinedId" class="AppKit\Formulate\Tests\TextareaComponentTest" classname="AppKit.Formulate.Tests.TextareaComponentTest" file="/home/darren/projects/laravel-appkit/formulate/tests/TextareaComponentTest.php" line="39" assertions="2" time="0.022209"/>
        <testcase name="textareaComponentsCanHaveGroupAttributes" class="AppKit\Formulate\Tests\TextareaComponentTest" classname="AppKit.Formulate.Tests.TextareaComponentTest" file="/home/darren/projects/laravel-appkit/formulate/tests/TextareaComponentTest.php" line="47" assertions="2" time="0.021790"/>
        <testcase name="textareaComponentsCanHaveLabelAttributes" class="AppKit\Formulate\Tests\TextareaComponentTest" classname="AppKit.Formulate.Tests.TextareaComponentTest" file="/home/darren/projects/laravel-appkit/formulate/tests/TextareaComponentTest.php" line="55" assertions="2" time="0.021191"/>
        <testcase name="textareaComponentsGenerateLabelValues" class="AppKit\Formulate\Tests\TextareaComponentTest" classname="AppKit.Formulate.Tests.TextareaComponentTest" file="/home/darren/projects/laravel-appkit/formulate/tests/TextareaComponentTest.php" line="63" assertions="2" time="0.019036"/>
        <testcase name="textareaComponentsCanHaveSetLabels" class="AppKit\Formulate\Tests\TextareaComponentTest" classname="AppKit.Formulate.Tests.TextareaComponentTest" file="/home/darren/projects/laravel-appkit/formulate/tests/TextareaComponentTest.php" line="71" assertions="2" time="0.021547"/>
      </testsuite>
      <testsuite name="AppKit\Formulate\Tests\TextareaComponentValueTest" file="/home/darren/projects/laravel-appkit/formulate/tests/TextareaComponentValueTest.php" tests="7" assertions="20" errors="0" warnings="0" failures="0" skipped="0" time="0.166303">
        <testcase name="textareaComponentsCanHaveADefaultValue" class="AppKit\Formulate\Tests\TextareaComponentValueTest" classname="AppKit.Formulate.Tests.TextareaComponentValueTest" file="/home/darren/projects/laravel-appkit/formulate/tests/TextareaComponentValueTest.php" line="13" assertions="2" time="0.021111"/>
        <testcase name="textareaComponentsCanHaveAValueInTheDataAttribute" class="AppKit\Formulate\Tests\TextareaComponentValueTest" classname="AppKit.Formulate.Tests.TextareaComponentValueTest" file="/home/darren/projects/laravel-appkit/formulate/tests/TextareaComponentValueTest.php" line="28" assertions="2" time="0.017885"/>
        <testcase name="textareaComponentsCanGetDataValueFromModel" class="AppKit\Formulate\Tests\TextareaComponentValueTest" classname="AppKit.Formulate.Tests.TextareaComponentValueTest" file="/home/darren/projects/laravel-appkit/formulate/tests/TextareaComponentValueTest.php" line="43" assertions="2" time="0.019757"/>
        <testcase name="textareaComponentsUseDefaultValueIfTheAttributeIsNotOnAModel" class="AppKit\Formulate\Tests\TextareaComponentValueTest" classname="AppKit.Formulate.Tests.TextareaComponentValueTest" file="/home/darren/projects/laravel-appkit/formulate/tests/TextareaComponentValueTest.php" line="58" assertions="2" time="0.023885"/>
        <testcase name="textareaComponentsCanHaveAnOldValue" class="AppKit\Formulate\Tests\TextareaComponentValueTest" classname="AppKit.Formulate.Tests.TextareaComponentValueTest" file="/home/darren/projects/laravel-appkit/formulate/tests/TextareaComponentValueTest.php" line="73" assertions="2" time="0.029746"/>
        <testcase name="multipleTextareaComponentsCanHaveOldValues" class="AppKit\Formulate\Tests\TextareaComponentValueTest" classname="AppKit.Formulate.Tests.TextareaComponentValueTest" file="/home/darren/projects/laravel-appkit/formulate/tests/TextareaComponentValueTest.php" line="91" assertions="4" time="0.024910"/>
        <testcase name="textareasCanGetDataFromVariousSources" class="AppKit\Formulate\Tests\TextareaComponentValueTest" classname="AppKit.Formulate.Tests.TextareaComponentValueTest" file="/home/darren/projects/laravel-appkit/formulate/tests/TextareaComponentValueTest.php" line="111" assertions="6" time="0.029009"/>
      </testsuite>
    </testsuite>
  </testsuite>
</testsuites>
