<?xml version="1.0" encoding="UTF-8"?>
<testsuites>
  <testsuite name="" tests="91" assertions="293" errors="0" warnings="0" failures="0" skipped="0" time="1.752873">
    <testsuite name="Laravel Test Suite" tests="91" assertions="293" errors="0" warnings="0" failures="0" skipped="0" time="1.752873">
      <testsuite name="AppKit\Formulate\Tests\FormComponentTest" file="/home/darren/projects/laravel-appkit/formulate/tests/FormComponentTest.php" tests="10" assertions="43" errors="0" warnings="0" failures="0" skipped="0" time="0.367610">
        <testcase name="formComponentExists" class="AppKit\Formulate\Tests\FormComponentTest" classname="AppKit.Formulate.Tests.FormComponentTest" file="/home/darren/projects/laravel-appkit/formulate/tests/FormComponentTest.php" line="10" assertions="1" time="0.179061"/>
        <testcase name="formComponentsCanHaveAttributes" class="AppKit\Formulate\Tests\FormComponentTest" classname="AppKit.Formulate.Tests.FormComponentTest" file="/home/darren/projects/laravel-appkit/formulate/tests/FormComponentTest.php" line="18" assertions="2" time="0.023388"/>
        <testcase name="formComponentsCanHaveAnAction" class="AppKit\Formulate\Tests\FormComponentTest" classname="AppKit.Formulate.Tests.FormComponentTest" file="/home/darren/projects/laravel-appkit/formulate/tests/FormComponentTest.php" line="26" assertions="2" time="0.015342"/>
        <testcase name="formComponentsCanHaveAGetMethod" class="AppKit\Formulate\Tests\FormComponentTest" classname="AppKit.Formulate.Tests.FormComponentTest" file="/home/darren/projects/laravel-appkit/formulate/tests/FormComponentTest.php" line="34" assertions="2" time="0.018361"/>
        <testcase name="formComponentsCanHaveAPostMethod" class="AppKit\Formulate\Tests\FormComponentTest" classname="AppKit.Formulate.Tests.FormComponentTest" file="/home/darren/projects/laravel-appkit/formulate/tests/FormComponentTest.php" line="42" assertions="5" time="0.023592"/>
        <testcase name="formComponentsCanHaveANonStandardMethod" class="AppKit\Formulate\Tests\FormComponentTest" classname="AppKit.Formulate.Tests.FormComponentTest" file="/home/darren/projects/laravel-appkit/formulate/tests/FormComponentTest.php" line="51" assertions="8" time="0.030338"/>
        <testcase name="formComponentsCanHaveSlotValue" class="AppKit\Formulate\Tests\FormComponentTest" classname="AppKit.Formulate.Tests.FormComponentTest" file="/home/darren/projects/laravel-appkit/formulate/tests/FormComponentTest.php" line="61" assertions="2" time="0.019674"/>
        <testcase name="formComponentCanHaveARoute" class="AppKit\Formulate\Tests\FormComponentTest" classname="AppKit.Formulate.Tests.FormComponentTest" file="/home/darren/projects/laravel-appkit/formulate/tests/FormComponentTest.php" line="69" assertions="6" time="0.024965"/>
        <testcase name="formComponentCanHaveARouteWithDifferentMethod" class="AppKit\Formulate\Tests\FormComponentTest" classname="AppKit.Formulate.Tests.FormComponentTest" file="/home/darren/projects/laravel-appkit/formulate/tests/FormComponentTest.php" line="80" assertions="9" time="0.015910"/>
        <testcase name="formComponentsCanHaveRoutesWithParams" class="AppKit\Formulate\Tests\FormComponentTest" classname="AppKit.Formulate.Tests.FormComponentTest" file="/home/darren/projects/laravel-appkit/formulate/tests/FormComponentTest.php" line="92" assertions="6" time="0.016980"/>
      </testsuite>
      <testsuite name="AppKit\Formulate\Tests\FormValidationTest" file="/home/darren/projects/laravel-appkit/formulate/tests/FormValidationTest.php" tests="3" assertions="4" errors="0" warnings="0" failures="0" skipped="0" time="0.061101">
        <testcase name="ifOneFieldHasAnErrorAMessageWillBeShownAtTheTopOfTheForm" class="AppKit\Formulate\Tests\FormValidationTest" classname="AppKit.Formulate.Tests.FormValidationTest" file="/home/darren/projects/laravel-appkit/formulate/tests/FormValidationTest.php" line="12" assertions="1" time="0.019144"/>
        <testcase name="ifNoFieldHaveErrorsNoMessageWillBeShownAtTheTopOfTheForm" class="AppKit\Formulate\Tests\FormValidationTest" classname="AppKit.Formulate.Tests.FormValidationTest" file="/home/darren/projects/laravel-appkit/formulate/tests/FormValidationTest.php" line="27" assertions="1" time="0.016434"/>
        <testcase name="inputComponentsHasValidationErrors" class="AppKit\Formulate\Tests\FormValidationTest" classname="AppKit.Formulate.Tests.FormValidationTest" file="/home/darren/projects/laravel-appkit/formulate/tests/FormValidationTest.php" line="39" assertions="2" time="0.025523"/>
      </testsuite>
      <testsuite name="AppKit\Formulate\Tests\FromValuesTest" file="/home/darren/projects/laravel-appkit/formulate/tests/FormValuesTest.php" tests="8" assertions="27" errors="0" warnings="0" failures="0" skipped="0" time="0.142142">
        <testcase name="formsCanHaveDataPassedToThemAsAnArray" class="AppKit\Formulate\Tests\FromValuesTest" classname="AppKit.Formulate.Tests.FromValuesTest" file="/home/darren/projects/laravel-appkit/formulate/tests/FormValuesTest.php" line="14" assertions="3" time="0.016188"/>
        <testcase name="inputComponentsCanHaveADefaultValue" class="AppKit\Formulate\Tests\FromValuesTest" classname="AppKit.Formulate.Tests.FromValuesTest" file="/home/darren/projects/laravel-appkit/formulate/tests/FormValuesTest.php" line="29" assertions="2" time="0.015636"/>
        <testcase name="inputComponentsCanHaveAValueInTheDataAttribute" class="AppKit\Formulate\Tests\FromValuesTest" classname="AppKit.Formulate.Tests.FromValuesTest" file="/home/darren/projects/laravel-appkit/formulate/tests/FormValuesTest.php" line="44" assertions="2" time="0.013101"/>
        <testcase name="inputComponentsCanGetDataValueFromModel" class="AppKit\Formulate\Tests\FromValuesTest" classname="AppKit.Formulate.Tests.FromValuesTest" file="/home/darren/projects/laravel-appkit/formulate/tests/FormValuesTest.php" line="59" assertions="2" time="0.021903"/>
        <testcase name="inputComponentsUseDefaultValueIfTheAttributeIsNotOnAModel" class="AppKit\Formulate\Tests\FromValuesTest" classname="AppKit.Formulate.Tests.FromValuesTest" file="/home/darren/projects/laravel-appkit/formulate/tests/FormValuesTest.php" line="74" assertions="2" time="0.013834"/>
        <testcase name="inputComponentsCanHaveAnOldValue" class="AppKit\Formulate\Tests\FromValuesTest" classname="AppKit.Formulate.Tests.FromValuesTest" file="/home/darren/projects/laravel-appkit/formulate/tests/FormValuesTest.php" line="89" assertions="3" time="0.028440"/>
        <testcase name="multipleInputComponentsCanHaveOldValues" class="AppKit\Formulate\Tests\FromValuesTest" classname="AppKit.Formulate.Tests.FromValuesTest" file="/home/darren/projects/laravel-appkit/formulate/tests/FormValuesTest.php" line="107" assertions="6" time="0.015678"/>
        <testcase name="inputsCanGetDataFromVariousSources" class="AppKit\Formulate\Tests\FromValuesTest" classname="AppKit.Formulate.Tests.FromValuesTest" file="/home/darren/projects/laravel-appkit/formulate/tests/FormValuesTest.php" line="127" assertions="7" time="0.017363"/>
      </testsuite>
      <testsuite name="AppKit\Formulate\Tests\InputComponentTest" file="/home/darren/projects/laravel-appkit/formulate/tests/InputComponentTest.php" tests="9" assertions="18" errors="0" warnings="0" failures="0" skipped="0" time="0.137291">
        <testcase name="inputComponentExists" class="AppKit\Formulate\Tests\InputComponentTest" classname="AppKit.Formulate.Tests.InputComponentTest" file="/home/darren/projects/laravel-appkit/formulate/tests/InputComponentTest.php" line="8" assertions="2" time="0.014461"/>
        <testcase name="inputComponentCanHaveAttributes" class="AppKit\Formulate\Tests\InputComponentTest" classname="AppKit.Formulate.Tests.InputComponentTest" file="/home/darren/projects/laravel-appkit/formulate/tests/InputComponentTest.php" line="23" assertions="2" time="0.013886"/>
        <testcase name="inputComponentsHaveADefaultType" class="AppKit\Formulate\Tests\InputComponentTest" classname="AppKit.Formulate.Tests.InputComponentTest" file="/home/darren/projects/laravel-appkit/formulate/tests/InputComponentTest.php" line="31" assertions="2" time="0.012221"/>
        <testcase name="inputComponentsGenerateADefaultId" class="AppKit\Formulate\Tests\InputComponentTest" classname="AppKit.Formulate.Tests.InputComponentTest" file="/home/darren/projects/laravel-appkit/formulate/tests/InputComponentTest.php" line="39" assertions="2" time="0.013352"/>
        <testcase name="inputComponentsCanHaveADefinedId" class="AppKit\Formulate\Tests\InputComponentTest" classname="AppKit.Formulate.Tests.InputComponentTest" file="/home/darren/projects/laravel-appkit/formulate/tests/InputComponentTest.php" line="47" assertions="2" time="0.016775"/>
        <testcase name="inputComponentsCanHaveGroupAttributes" class="AppKit\Formulate\Tests\InputComponentTest" classname="AppKit.Formulate.Tests.InputComponentTest" file="/home/darren/projects/laravel-appkit/formulate/tests/InputComponentTest.php" line="55" assertions="2" time="0.016068"/>
        <testcase name="inputComponentsCanHaveLabelAttributes" class="AppKit\Formulate\Tests\InputComponentTest" classname="AppKit.Formulate.Tests.InputComponentTest" file="/home/darren/projects/laravel-appkit/formulate/tests/InputComponentTest.php" line="63" assertions="2" time="0.019890"/>
        <testcase name="inputComponentsGenerateLabelValues" class="AppKit\Formulate\Tests\InputComponentTest" classname="AppKit.Formulate.Tests.InputComponentTest" file="/home/darren/projects/laravel-appkit/formulate/tests/InputComponentTest.php" line="71" assertions="2" time="0.017947"/>
        <testcase name="inputComponentsCanHaveSetLabels" class="AppKit\Formulate\Tests\InputComponentTest" classname="AppKit.Formulate.Tests.InputComponentTest" file="/home/darren/projects/laravel-appkit/formulate/tests/InputComponentTest.php" line="79" assertions="2" time="0.012691"/>
      </testsuite>
      <testsuite name="AppKit\Formulate\Tests\RadioInputComponentTest" file="/home/darren/projects/laravel-appkit/formulate/tests/RadioInputComponentTest.php" tests="9" assertions="19" errors="0" warnings="0" failures="0" skipped="0" time="0.125215">
        <testcase name="radioInputComponentExists" class="AppKit\Formulate\Tests\RadioInputComponentTest" classname="AppKit.Formulate.Tests.RadioInputComponentTest" file="/home/darren/projects/laravel-appkit/formulate/tests/RadioInputComponentTest.php" line="8" assertions="3" time="0.017029"/>
        <testcase name="radioInputComponentCanHaveAttributes" class="AppKit\Formulate\Tests\RadioInputComponentTest" classname="AppKit.Formulate.Tests.RadioInputComponentTest" file="/home/darren/projects/laravel-appkit/formulate/tests/RadioInputComponentTest.php" line="23" assertions="2" time="0.015259"/>
        <testcase name="radioInputComponentsHaveAType" class="AppKit\Formulate\Tests\RadioInputComponentTest" classname="AppKit.Formulate.Tests.RadioInputComponentTest" file="/home/darren/projects/laravel-appkit/formulate/tests/RadioInputComponentTest.php" line="31" assertions="2" time="0.012598"/>
        <testcase name="radioInputComponentsGenerateADefaultId" class="AppKit\Formulate\Tests\RadioInputComponentTest" classname="AppKit.Formulate.Tests.RadioInputComponentTest" file="/home/darren/projects/laravel-appkit/formulate/tests/RadioInputComponentTest.php" line="39" assertions="2" time="0.013131"/>
        <testcase name="radioInputComponentsCanHaveADefinedId" class="AppKit\Formulate\Tests\RadioInputComponentTest" classname="AppKit.Formulate.Tests.RadioInputComponentTest" file="/home/darren/projects/laravel-appkit/formulate/tests/RadioInputComponentTest.php" line="47" assertions="2" time="0.014940"/>
        <testcase name="radioInputComponentsCanHaveGroupAttributes" class="AppKit\Formulate\Tests\RadioInputComponentTest" classname="AppKit.Formulate.Tests.RadioInputComponentTest" file="/home/darren/projects/laravel-appkit/formulate/tests/RadioInputComponentTest.php" line="55" assertions="2" time="0.013185"/>
        <testcase name="radioInputComponentsCanHaveLabelAttributes" class="AppKit\Formulate\Tests\RadioInputComponentTest" classname="AppKit.Formulate.Tests.RadioInputComponentTest" file="/home/darren/projects/laravel-appkit/formulate/tests/RadioInputComponentTest.php" line="63" assertions="2" time="0.013742"/>
        <testcase name="radioInputComponentsGenerateLabelValues" class="AppKit\Formulate\Tests\RadioInputComponentTest" classname="AppKit.Formulate.Tests.RadioInputComponentTest" file="/home/darren/projects/laravel-appkit/formulate/tests/RadioInputComponentTest.php" line="71" assertions="2" time="0.012880"/>
        <testcase name="radioInputComponentsCanHaveSetLabels" class="AppKit\Formulate\Tests\RadioInputComponentTest" classname="AppKit.Formulate.Tests.RadioInputComponentTest" file="/home/darren/projects/laravel-appkit/formulate/tests/RadioInputComponentTest.php" line="79" assertions="2" time="0.012450"/>
      </testsuite>
      <testsuite name="AppKit\Formulate\Tests\RadioInputComponentValueTest" file="/home/darren/projects/laravel-appkit/formulate/tests/RadioInputComponentValueTest.php" tests="15" assertions="68" errors="0" warnings="0" failures="0" skipped="0" time="0.292711">
        <testcase name="radioInputsHaveAValue" class="AppKit\Formulate\Tests\RadioInputComponentValueTest" classname="AppKit.Formulate.Tests.RadioInputComponentValueTest" file="/home/darren/projects/laravel-appkit/formulate/tests/RadioInputComponentValueTest.php" line="14" assertions="2" time="0.016004"/>
        <testcase name="radioInputsCanHaveADefaultCheckedAttributeOverridden" class="AppKit\Formulate\Tests\RadioInputComponentValueTest" classname="AppKit.Formulate.Tests.RadioInputComponentValueTest" file="/home/darren/projects/laravel-appkit/formulate/tests/RadioInputComponentValueTest.php" line="29" assertions="3" time="0.021434"/>
        <testcase name="radioInputsWillBeSelectedIfTheValueIsInTheFormsData" class="AppKit\Formulate\Tests\RadioInputComponentValueTest" classname="AppKit.Formulate.Tests.RadioInputComponentValueTest" file="/home/darren/projects/laravel-appkit/formulate/tests/RadioInputComponentValueTest.php" line="44" assertions="3" time="0.022053"/>
        <testcase name="radioInputsWillBeSelectedIfTheValueIsTrueInTheFormsData" class="AppKit\Formulate\Tests\RadioInputComponentValueTest" classname="AppKit.Formulate.Tests.RadioInputComponentValueTest" file="/home/darren/projects/laravel-appkit/formulate/tests/RadioInputComponentValueTest.php" line="59" assertions="3" time="0.019436"/>
        <testcase name="radioInputsWontBeSelectedIfTheValueIsFalseInTheFormsData" class="AppKit\Formulate\Tests\RadioInputComponentValueTest" classname="AppKit.Formulate.Tests.RadioInputComponentValueTest" file="/home/darren/projects/laravel-appkit/formulate/tests/RadioInputComponentValueTest.php" line="74" assertions="3" time="0.020129"/>
        <testcase name="radioInputsWillBeSelectedIfTheValueWasPosted" class="AppKit\Formulate\Tests\RadioInputComponentValueTest" classname="AppKit.Formulate.Tests.RadioInputComponentValueTest" file="/home/darren/projects/laravel-appkit/formulate/tests/RadioInputComponentValueTest.php" line="89" assertions="4" time="0.016993"/>
        <testcase name="radioInputsWillBeSelectedIfTheValueIsTrueWasPosted" class="AppKit\Formulate\Tests\RadioInputComponentValueTest" classname="AppKit.Formulate.Tests.RadioInputComponentValueTest" file="/home/darren/projects/laravel-appkit/formulate/tests/RadioInputComponentValueTest.php" line="105" assertions="4" time="0.018800"/>
        <testcase name="radioInputsWontBeSelectedIfTheValueIsFalseWasPosted" class="AppKit\Formulate\Tests\RadioInputComponentValueTest" classname="AppKit.Formulate.Tests.RadioInputComponentValueTest" file="/home/darren/projects/laravel-appkit/formulate/tests/RadioInputComponentValueTest.php" line="121" assertions="4" time="0.017363"/>
        <testcase name="radioInputComponentssWontBeCheckedViaFalseModelAttribute" class="AppKit\Formulate\Tests\RadioInputComponentValueTest" classname="AppKit.Formulate.Tests.RadioInputComponentValueTest" file="/home/darren/projects/laravel-appkit/formulate/tests/RadioInputComponentValueTest.php" line="137" assertions="4" time="0.017995"/>
        <testcase name="radioInputComponentsWillBeCheckedViaTrueModelAttribute" class="AppKit\Formulate\Tests\RadioInputComponentValueTest" classname="AppKit.Formulate.Tests.RadioInputComponentValueTest" file="/home/darren/projects/laravel-appkit/formulate/tests/RadioInputComponentValueTest.php" line="152" assertions="4" time="0.021044"/>
        <testcase name="radioInputComponentsWontBeCheckedViaNonMatchingModelAttribute" class="AppKit\Formulate\Tests\RadioInputComponentValueTest" classname="AppKit.Formulate.Tests.RadioInputComponentValueTest" file="/home/darren/projects/laravel-appkit/formulate/tests/RadioInputComponentValueTest.php" line="167" assertions="4" time="0.020973"/>
        <testcase name="radioInputComponentsWillBeCheckedViaMatchingModelAttribute" class="AppKit\Formulate\Tests\RadioInputComponentValueTest" classname="AppKit.Formulate.Tests.RadioInputComponentValueTest" file="/home/darren/projects/laravel-appkit/formulate/tests/RadioInputComponentValueTest.php" line="182" assertions="4" time="0.016459"/>
        <testcase name="radioInputComponentsUseDefaultValueIfTheAttributeIsNotOnAModel" class="AppKit\Formulate\Tests\RadioInputComponentValueTest" classname="AppKit.Formulate.Tests.RadioInputComponentValueTest" file="/home/darren/projects/laravel-appkit/formulate/tests/RadioInputComponentValueTest.php" line="197" assertions="4" time="0.018851"/>
        <testcase name="multipleRadioInputComponentsCanHaveOldValues" class="AppKit\Formulate\Tests\RadioInputComponentValueTest" classname="AppKit.Formulate.Tests.RadioInputComponentValueTest" file="/home/darren/projects/laravel-appkit/formulate/tests/RadioInputComponentValueTest.php" line="212" assertions="8" time="0.022151"/>
        <testcase name="radioInputComponentsCanGetDataFromVariousSources" class="AppKit\Formulate\Tests\RadioInputComponentValueTest" classname="AppKit.Formulate.Tests.RadioInputComponentValueTest" file="/home/darren/projects/laravel-appkit/formulate/tests/RadioInputComponentValueTest.php" line="230" assertions="14" time="0.023025"/>
      </testsuite>
      <testsuite name="AppKit\Formulate\Tests\SelectComponentTest" file="/home/darren/projects/laravel-appkit/formulate/tests/SelectComponentTest.php" tests="14" assertions="37" errors="0" warnings="0" failures="0" skipped="0" time="0.220332">
        <testcase name="selectComponentExists" class="AppKit\Formulate\Tests\SelectComponentTest" classname="AppKit.Formulate.Tests.SelectComponentTest" file="/home/darren/projects/laravel-appkit/formulate/tests/SelectComponentTest.php" line="8" assertions="2" time="0.012722"/>
        <testcase name="selectComponentCanHaveAttributes" class="AppKit\Formulate\Tests\SelectComponentTest" classname="AppKit.Formulate.Tests.SelectComponentTest" file="/home/darren/projects/laravel-appkit/formulate/tests/SelectComponentTest.php" line="23" assertions="2" time="0.013918"/>
        <testcase name="selectComponentsGenerateADefaultId" class="AppKit\Formulate\Tests\SelectComponentTest" classname="AppKit.Formulate.Tests.SelectComponentTest" file="/home/darren/projects/laravel-appkit/formulate/tests/SelectComponentTest.php" line="31" assertions="2" time="0.021175"/>
        <testcase name="selectComponentsCanHaveADefinedId" class="AppKit\Formulate\Tests\SelectComponentTest" classname="AppKit.Formulate.Tests.SelectComponentTest" file="/home/darren/projects/laravel-appkit/formulate/tests/SelectComponentTest.php" line="39" assertions="2" time="0.011565"/>
        <testcase name="selectComponentsCanHaveGroupAttributes" class="AppKit\Formulate\Tests\SelectComponentTest" classname="AppKit.Formulate.Tests.SelectComponentTest" file="/home/darren/projects/laravel-appkit/formulate/tests/SelectComponentTest.php" line="47" assertions="2" time="0.010859"/>
        <testcase name="selectComponentsCanHaveLabelAttributes" class="AppKit\Formulate\Tests\SelectComponentTest" classname="AppKit.Formulate.Tests.SelectComponentTest" file="/home/darren/projects/laravel-appkit/formulate/tests/SelectComponentTest.php" line="55" assertions="2" time="0.013003"/>
        <testcase name="selectComponentsGenerateLabelValues" class="AppKit\Formulate\Tests\SelectComponentTest" classname="AppKit.Formulate.Tests.SelectComponentTest" file="/home/darren/projects/laravel-appkit/formulate/tests/SelectComponentTest.php" line="63" assertions="2" time="0.011596"/>
        <testcase name="selectComponentsCanHaveSetLabels" class="AppKit\Formulate\Tests\SelectComponentTest" classname="AppKit.Formulate.Tests.SelectComponentTest" file="/home/darren/projects/laravel-appkit/formulate/tests/SelectComponentTest.php" line="71" assertions="2" time="0.010829"/>
        <testcase name="selectComponentsCanHaveOptionsPassedAsRegularOptionsViaSlot" class="AppKit\Formulate\Tests\SelectComponentTest" classname="AppKit.Formulate.Tests.SelectComponentTest" file="/home/darren/projects/laravel-appkit/formulate/tests/SelectComponentTest.php" line="79" assertions="3" time="0.017227"/>
        <testcase name="selectComponentsCanHaveMultipleOptionsPassedAsRegularOptionsViaSlot" class="AppKit\Formulate\Tests\SelectComponentTest" classname="AppKit.Formulate.Tests.SelectComponentTest" file="/home/darren/projects/laravel-appkit/formulate/tests/SelectComponentTest.php" line="89" assertions="4" time="0.017899"/>
        <testcase name="selectComponentsCanHaveOptionsPassedAsOptionComponentsViaSlot" class="AppKit\Formulate\Tests\SelectComponentTest" classname="AppKit.Formulate.Tests.SelectComponentTest" file="/home/darren/projects/laravel-appkit/formulate/tests/SelectComponentTest.php" line="101" assertions="3" time="0.016738"/>
        <testcase name="selectComponentsCanHaveMultipleOptionsPassedAsOptionComponentsViaSlot" class="AppKit\Formulate\Tests\SelectComponentTest" classname="AppKit.Formulate.Tests.SelectComponentTest" file="/home/darren/projects/laravel-appkit/formulate/tests/SelectComponentTest.php" line="111" assertions="4" time="0.014714"/>
        <testcase name="selectComponentsCanHaveOptionsPassedAsAnOptionsAttribute" class="AppKit\Formulate\Tests\SelectComponentTest" classname="AppKit.Formulate.Tests.SelectComponentTest" file="/home/darren/projects/laravel-appkit/formulate/tests/SelectComponentTest.php" line="123" assertions="3" time="0.019302"/>
        <testcase name="selectComponentsCanHaveMultipleOptionsPassedAsAnOptionsAttribute" class="AppKit\Formulate\Tests\SelectComponentTest" classname="AppKit.Formulate.Tests.SelectComponentTest" file="/home/darren/projects/laravel-appkit/formulate/tests/SelectComponentTest.php" line="133" assertions="4" time="0.028784"/>
      </testsuite>
      <testsuite name="AppKit\Formulate\Tests\SelectComponentValueTest" file="/home/darren/projects/laravel-appkit/formulate/tests/SelectComponentValueTest.php" tests="8" assertions="37" errors="0" warnings="0" failures="0" skipped="0" time="0.158561">
        <testcase name="selectComponentsCanHaveADefaultValue" class="AppKit\Formulate\Tests\SelectComponentValueTest" classname="AppKit.Formulate.Tests.SelectComponentValueTest" file="/home/darren/projects/laravel-appkit/formulate/tests/SelectComponentValueTest.php" line="22" assertions="3" time="0.016941"/>
        <testcase name="selectComponentsCanHaveAValueInTheDataAttribute" class="AppKit\Formulate\Tests\SelectComponentValueTest" classname="AppKit.Formulate.Tests.SelectComponentValueTest" file="/home/darren/projects/laravel-appkit/formulate/tests/SelectComponentValueTest.php" line="38" assertions="3" time="0.018490"/>
        <testcase name="selectComponentsCanGetDataValueFromModel" class="AppKit\Formulate\Tests\SelectComponentValueTest" classname="AppKit.Formulate.Tests.SelectComponentValueTest" file="/home/darren/projects/laravel-appkit/formulate/tests/SelectComponentValueTest.php" line="54" assertions="3" time="0.019959"/>
        <testcase name="selectComponentsUseDefaultValueIfTheAttributeIsNotOnAModel" class="AppKit\Formulate\Tests\SelectComponentValueTest" classname="AppKit.Formulate.Tests.SelectComponentValueTest" file="/home/darren/projects/laravel-appkit/formulate/tests/SelectComponentValueTest.php" line="70" assertions="3" time="0.014927"/>
        <testcase name="selectComponentsCanHaveAnOldValue" class="AppKit\Formulate\Tests\SelectComponentValueTest" classname="AppKit.Formulate.Tests.SelectComponentValueTest" file="/home/darren/projects/laravel-appkit/formulate/tests/SelectComponentValueTest.php" line="86" assertions="4" time="0.014552"/>
        <testcase name="multipleSelectComponentsCanHaveOldValues" class="AppKit\Formulate\Tests\SelectComponentValueTest" classname="AppKit.Formulate.Tests.SelectComponentValueTest" file="/home/darren/projects/laravel-appkit/formulate/tests/SelectComponentValueTest.php" line="105" assertions="8" time="0.024175"/>
        <testcase name="textareasCanGetDataFromVariousSources" class="AppKit\Formulate\Tests\SelectComponentValueTest" classname="AppKit.Formulate.Tests.SelectComponentValueTest" file="/home/darren/projects/laravel-appkit/formulate/tests/SelectComponentValueTest.php" line="126" assertions="10" time="0.022185"/>
        <testcase name="selectComponentCanHaveAValueFromAModel" class="AppKit\Formulate\Tests\SelectComponentValueTest" classname="AppKit.Formulate.Tests.SelectComponentValueTest" file="/home/darren/projects/laravel-appkit/formulate/tests/SelectComponentValueTest.php" line="149" assertions="3" time="0.027331"/>
      </testsuite>
      <testsuite name="AppKit\Formulate\Tests\TextareaComponentTest" file="/home/darren/projects/laravel-appkit/formulate/tests/TextareaComponentTest.php" tests="8" assertions="16" errors="0" warnings="0" failures="0" skipped="0" time="0.129989">
        <testcase name="textareaComponentExists" class="AppKit\Formulate\Tests\TextareaComponentTest" classname="AppKit.Formulate.Tests.TextareaComponentTest" file="/home/darren/projects/laravel-appkit/formulate/tests/TextareaComponentTest.php" line="8" assertions="2" time="0.016731"/>
        <testcase name="textareaComponentCanHaveAttributes" class="AppKit\Formulate\Tests\TextareaComponentTest" classname="AppKit.Formulate.Tests.TextareaComponentTest" file="/home/darren/projects/laravel-appkit/formulate/tests/TextareaComponentTest.php" line="23" assertions="2" time="0.015039"/>
        <testcase name="textareaComponentsGenerateADefaultId" class="AppKit\Formulate\Tests\TextareaComponentTest" classname="AppKit.Formulate.Tests.TextareaComponentTest" file="/home/darren/projects/laravel-appkit/formulate/tests/TextareaComponentTest.php" line="31" assertions="2" time="0.016045"/>
        <testcase name="textareaComponentsCanHaveADefinedId" class="AppKit\Formulate\Tests\TextareaComponentTest" classname="AppKit.Formulate.Tests.TextareaComponentTest" file="/home/darren/projects/laravel-appkit/formulate/tests/TextareaComponentTest.php" line="39" assertions="2" time="0.026270"/>
        <testcase name="textareaComponentsCanHaveGroupAttributes" class="AppKit\Formulate\Tests\TextareaComponentTest" classname="AppKit.Formulate.Tests.TextareaComponentTest" file="/home/darren/projects/laravel-appkit/formulate/tests/TextareaComponentTest.php" line="47" assertions="2" time="0.018438"/>
        <testcase name="textareaComponentsCanHaveLabelAttributes" class="AppKit\Formulate\Tests\TextareaComponentTest" classname="AppKit.Formulate.Tests.TextareaComponentTest" file="/home/darren/projects/laravel-appkit/formulate/tests/TextareaComponentTest.php" line="55" assertions="2" time="0.014141"/>
        <testcase name="textareaComponentsGenerateLabelValues" class="AppKit\Formulate\Tests\TextareaComponentTest" classname="AppKit.Formulate.Tests.TextareaComponentTest" file="/home/darren/projects/laravel-appkit/formulate/tests/TextareaComponentTest.php" line="63" assertions="2" time="0.011913"/>
        <testcase name="textareaComponentsCanHaveSetLabels" class="AppKit\Formulate\Tests\TextareaComponentTest" classname="AppKit.Formulate.Tests.TextareaComponentTest" file="/home/darren/projects/laravel-appkit/formulate/tests/TextareaComponentTest.php" line="71" assertions="2" time="0.011411"/>
      </testsuite>
      <testsuite name="AppKit\Formulate\Tests\TextareaComponentValueTest" file="/home/darren/projects/laravel-appkit/formulate/tests/TextareaComponentValueTest.php" tests="7" assertions="24" errors="0" warnings="0" failures="0" skipped="0" time="0.117921">
        <testcase name="textareaComponentsCanHaveADefaultValue" class="AppKit\Formulate\Tests\TextareaComponentValueTest" classname="AppKit.Formulate.Tests.TextareaComponentValueTest" file="/home/darren/projects/laravel-appkit/formulate/tests/TextareaComponentValueTest.php" line="14" assertions="2" time="0.015013"/>
        <testcase name="textareaComponentsCanHaveAValueInTheDataAttribute" class="AppKit\Formulate\Tests\TextareaComponentValueTest" classname="AppKit.Formulate.Tests.TextareaComponentValueTest" file="/home/darren/projects/laravel-appkit/formulate/tests/TextareaComponentValueTest.php" line="29" assertions="2" time="0.014895"/>
        <testcase name="textareaComponentsCanGetDataValueFromModel" class="AppKit\Formulate\Tests\TextareaComponentValueTest" classname="AppKit.Formulate.Tests.TextareaComponentValueTest" file="/home/darren/projects/laravel-appkit/formulate/tests/TextareaComponentValueTest.php" line="44" assertions="2" time="0.017312"/>
        <testcase name="textareaComponentsUseDefaultValueIfTheAttributeIsNotOnAModel" class="AppKit\Formulate\Tests\TextareaComponentValueTest" classname="AppKit.Formulate.Tests.TextareaComponentValueTest" file="/home/darren/projects/laravel-appkit/formulate/tests/TextareaComponentValueTest.php" line="59" assertions="2" time="0.021480"/>
        <testcase name="textareaComponentsCanHaveAnOldValue" class="AppKit\Formulate\Tests\TextareaComponentValueTest" classname="AppKit.Formulate.Tests.TextareaComponentValueTest" file="/home/darren/projects/laravel-appkit/formulate/tests/TextareaComponentValueTest.php" line="74" assertions="3" time="0.017162"/>
        <testcase name="multipleTextareaComponentsCanHaveOldValues" class="AppKit\Formulate\Tests\TextareaComponentValueTest" classname="AppKit.Formulate.Tests.TextareaComponentValueTest" file="/home/darren/projects/laravel-appkit/formulate/tests/TextareaComponentValueTest.php" line="92" assertions="6" time="0.015624"/>
        <testcase name="textareasCanGetDataFromVariousSources" class="AppKit\Formulate\Tests\TextareaComponentValueTest" classname="AppKit.Formulate.Tests.TextareaComponentValueTest" file="/home/darren/projects/laravel-appkit/formulate/tests/TextareaComponentValueTest.php" line="112" assertions="7" time="0.016434"/>
      </testsuite>
    </testsuite>
  </testsuite>
</testsuites>
